{"level":"fatal","time":"2025-04-17T14:08:11.362Z","initCheck":true,"msg":"LOGGER INITIALIZED (pino.destination). This should appear in the log file."}
{"level":"info","time":"2025-04-17T14:08:11.789Z","msg":"Initializing GoogleGenerativeAI..."}
{"level":"info","time":"2025-04-17T14:08:11.789Z","msg":"GoogleGenerativeAI initialized successfully."}
{"level":"info","time":"2025-04-17T14:08:11.789Z","filePath":"/Users/sieunguyen/Desktop/sieu-works/confhub-2/all the sources of conhuf/SERVER-TS/src/conference/data/gemini_cache_map.json","function":"loadCacheNameMap","msg":"Attempting to load cache name map"}
{"level":"info","time":"2025-04-17T14:08:11.828Z","msg":"Received uncaughtException. Shutting down gracefully..."}
{"level":"error","time":"2025-04-17T14:08:11.828Z","err":{"type":"Object","message":"Cannot find module '@json2csv/node'\nRequire stack:\n- /Users/sieunguyen/Desktop/sieu-works/confhub-2/all the sources of conhuf/SERVER-TS/src/conference/10_response_processing.ts\n- /Users/sieunguyen/Desktop/sieu-works/confhub-2/all the sources of conhuf/SERVER-TS/src/conference/6_batch_processing.ts\n- /Users/sieunguyen/Desktop/sieu-works/confhub-2/all the sources of conhuf/SERVER-TS/src/conference/crawl_conferences.ts\n- /Users/sieunguyen/Desktop/sieu-works/confhub-2/all the sources of conhuf/SERVER-TS/src/server.ts","stack":"Error: Cannot find module '@json2csv/node'\nRequire stack:\n- /Users/sieunguyen/Desktop/sieu-works/confhub-2/all the sources of conhuf/SERVER-TS/src/conference/10_response_processing.ts\n- /Users/sieunguyen/Desktop/sieu-works/confhub-2/all the sources of conhuf/SERVER-TS/src/conference/6_batch_processing.ts\n- /Users/sieunguyen/Desktop/sieu-works/confhub-2/all the sources of conhuf/SERVER-TS/src/conference/crawl_conferences.ts\n- /Users/sieunguyen/Desktop/sieu-works/confhub-2/all the sources of conhuf/SERVER-TS/src/server.ts\n    at Function._resolveFilename (node:internal/modules/cjs/loader:1394:15)\n    at defaultResolveImpl (node:internal/modules/cjs/loader:1050:19)\n    at resolveForCJSWithHooks (node:internal/modules/cjs/loader:1055:22)\n    at Function._load (node:internal/modules/cjs/loader:1204:37)\n    at TracingChannel.traceSync (node:diagnostics_channel:322:14)\n    at wrapModuleLoad (node:internal/modules/cjs/loader:234:24)\n    at Module.require (node:internal/modules/cjs/loader:1480:12)\n    at require (node:internal/modules/helpers:135:16)\n    at Object.<anonymous> (/Users/sieunguyen/Desktop/sieu-works/confhub-2/all the sources of conhuf/SERVER-TS/src/conference/10_response_processing.ts:3:1)\n    at Module.<anonymous> (node:internal/modules/cjs/loader:1723:14)","name":"Error"},"msg":"Error triggered shutdown (uncaughtException)"}
{"level":"info","time":"2025-04-17T14:08:11.832Z","filePath":"/Users/sieunguyen/Desktop/sieu-works/confhub-2/all the sources of conhuf/SERVER-TS/src/conference/data/gemini_cache_map.json","function":"loadCacheNameMap","loadedCount":1,"msg":"Successfully loaded cache name entries from file"}
{"level":"fatal","time":"2025-04-17T14:08:38.173Z","initCheck":true,"msg":"LOGGER INITIALIZED (pino.destination). This should appear in the log file."}
{"level":"info","time":"2025-04-17T14:08:38.540Z","msg":"Initializing GoogleGenerativeAI..."}
{"level":"info","time":"2025-04-17T14:08:38.540Z","msg":"GoogleGenerativeAI initialized successfully."}
{"level":"info","time":"2025-04-17T14:08:38.540Z","filePath":"/Users/sieunguyen/Desktop/sieu-works/confhub-2/all the sources of conhuf/SERVER-TS/src/conference/data/gemini_cache_map.json","function":"loadCacheNameMap","msg":"Attempting to load cache name map"}
{"level":"info","time":"2025-04-17T14:08:38.761Z","msg":"Performing initial log analysis on startup..."}
{"level":"info","time":"2025-04-17T14:08:38.761Z","filePath":"/Users/sieunguyen/Desktop/sieu-works/confhub-2/all the sources of conhuf/SERVER-TS/logs/app.log","function":"readAndGroupLogs","event":"read_group_start","msg":"Starting Phase 1: Reading and Grouping logs by requestId"}
{"level":"info","time":"2025-04-17T14:08:38.785Z","msg":"Received uncaughtException. Shutting down gracefully..."}
{"level":"error","time":"2025-04-17T14:08:38.785Z","err":{"type":"Object","message":"listen EADDRINUSE: address already in use :::3000","stack":"Error: listen EADDRINUSE: address already in use :::3000\n    at Server.setupListenHandle [as _listen2] (node:net:1937:16)\n    at listenInCluster (node:net:1994:12)\n    at Server.listen (node:net:2099:7)\n    at Object.<anonymous> (/Users/sieunguyen/Desktop/sieu-works/confhub-2/all the sources of conhuf/SERVER-TS/src/server.ts:438:12)\n    at Module.<anonymous> (node:internal/modules/cjs/loader:1723:14)\n    at Module._compile (/Users/sieunguyen/Desktop/sieu-works/confhub-2/all the sources of conhuf/SERVER-TS/node_modules/source-map-support/source-map-support.js:568:25)\n    at Module.m._compile (/private/var/folders/4c/l9wkv_4j6mzcpsmr80t8l9gw0000gn/T/ts-node-dev-hook-5913856239900697.js:69:33)\n    at loadTS (node:internal/modules/cjs/loader:1815:10)\n    at require.extensions.<computed> (/private/var/folders/4c/l9wkv_4j6mzcpsmr80t8l9gw0000gn/T/ts-node-dev-hook-5913856239900697.js:71:20)\n    at Object.nodeDevHook [as .ts] (/Users/sieunguyen/Desktop/sieu-works/confhub-2/all the sources of conhuf/SERVER-TS/node_modules/ts-node-dev/lib/hook.js:63:13)","name":"Error"},"msg":"Error triggered shutdown (uncaughtException)"}
{"level":"info","time":"2025-04-17T14:08:38.790Z","filePath":"/Users/sieunguyen/Desktop/sieu-works/confhub-2/all the sources of conhuf/SERVER-TS/logs/app.log","function":"readAndGroupLogs","event":"read_group_end","totalEntries":7,"parsedEntries":7,"requestIdsFound":0,"parseErrors":0,"msg":"Finished Phase 1"}
{"level":"info","time":"2025-04-17T14:08:38.791Z","function":"filterRequestsByTime","event":"filter_start","filterStartMillis":null,"filterEndMillis":null,"msg":"Starting Phase 2a: Filtering requests by time"}
{"level":"info","time":"2025-04-17T14:08:38.791Z","function":"filterRequestsByTime","event":"filter_end","totalRequests":0,"includedRequests":0,"analysisStartMillis":null,"analysisEndMillis":null,"msg":"Finished Phase 2a: Filtering requests"}
{"level":"info","time":"2025-04-17T14:08:38.791Z","function":"calculateFinalMetrics","event":"final_calc_start","msg":"Performing final calculations on analyzed data"}
{"level":"info","time":"2025-04-17T14:08:38.791Z","function":"calculateFinalMetrics","event":"final_calc_end","completed":0,"failed":0,"processing":0,"processed":0,"msg":"Finished final calculations."}
{"level":"info","time":"2025-04-17T14:08:38.791Z","msg":"Initial log analysis completed."}
{"level":"info","time":"2025-04-17T14:08:38.791Z","filePath":"/Users/sieunguyen/Desktop/sieu-works/confhub-2/all the sources of conhuf/SERVER-TS/src/conference/data/gemini_cache_map.json","function":"loadCacheNameMap","loadedCount":1,"msg":"Successfully loaded cache name entries from file"}
{"level":"fatal","time":"2025-04-17T14:08:38.725Z","initCheck":true,"msg":"LOGGER INITIALIZED (pino.destination). This should appear in the log file."}
{"level":"info","time":"2025-04-17T14:08:38.787Z","msg":"Received uncaughtException. Shutting down gracefully..."}
{"level":"error","time":"2025-04-17T14:08:38.787Z","err":{"type":"Object","message":"listen EADDRINUSE: address already in use :::3000","stack":"Error: listen EADDRINUSE: address already in use :::3000\n    at Server.setupListenHandle [as _listen2] (node:net:1937:16)\n    at listenInCluster (node:net:1994:12)\n    at Server.listen (node:net:2099:7)\n    at Object.<anonymous> (/Users/sieunguyen/Desktop/sieu-works/confhub-2/all the sources of conhuf/SERVER-TS/src/server.ts:438:12)\n    at Module.<anonymous> (node:internal/modules/cjs/loader:1723:14)\n    at Module._compile (/Users/sieunguyen/Desktop/sieu-works/confhub-2/all the sources of conhuf/SERVER-TS/node_modules/source-map-support/source-map-support.js:568:25)\n    at Module.m._compile (/private/var/folders/4c/l9wkv_4j6mzcpsmr80t8l9gw0000gn/T/ts-node-dev-hook-5913856239900697.js:69:33)\n    at loadTS (node:internal/modules/cjs/loader:1815:10)\n    at require.extensions.<computed> (/private/var/folders/4c/l9wkv_4j6mzcpsmr80t8l9gw0000gn/T/ts-node-dev-hook-5913856239900697.js:71:20)\n    at Object.nodeDevHook [as .ts] (/Users/sieunguyen/Desktop/sieu-works/confhub-2/all the sources of conhuf/SERVER-TS/node_modules/ts-node-dev/lib/hook.js:63:13)","name":"Error"},"msg":"Error triggered shutdown (uncaughtException)"}
{"level":"fatal","time":"2025-04-17T14:09:54.258Z","initCheck":true,"msg":"LOGGER INITIALIZED (pino.destination). This should appear in the log file."}
{"level":"info","time":"2025-04-17T14:09:54.617Z","msg":"Initializing GoogleGenerativeAI..."}
{"level":"info","time":"2025-04-17T14:09:54.617Z","msg":"GoogleGenerativeAI initialized successfully."}
{"level":"info","time":"2025-04-17T14:09:54.617Z","filePath":"/Users/sieunguyen/Desktop/sieu-works/confhub-2/all the sources of conhuf/SERVER-TS/src/conference/data/gemini_cache_map.json","function":"loadCacheNameMap","msg":"Attempting to load cache name map"}
{"level":"info","time":"2025-04-17T14:09:54.836Z","msg":"Performing initial log analysis on startup..."}
{"level":"info","time":"2025-04-17T14:09:54.837Z","filePath":"/Users/sieunguyen/Desktop/sieu-works/confhub-2/all the sources of conhuf/SERVER-TS/logs/app.log","function":"readAndGroupLogs","event":"read_group_start","msg":"Starting Phase 1: Reading and Grouping logs by requestId"}
{"level":"info","time":"2025-04-17T14:09:54.862Z","filePath":"/Users/sieunguyen/Desktop/sieu-works/confhub-2/all the sources of conhuf/SERVER-TS/logs/app.log","function":"readAndGroupLogs","event":"read_group_end","totalEntries":25,"parsedEntries":25,"requestIdsFound":0,"parseErrors":0,"msg":"Finished Phase 1"}
{"level":"info","time":"2025-04-17T14:09:54.862Z","function":"filterRequestsByTime","event":"filter_start","filterStartMillis":null,"filterEndMillis":null,"msg":"Starting Phase 2a: Filtering requests by time"}
{"level":"info","time":"2025-04-17T14:09:54.862Z","function":"filterRequestsByTime","event":"filter_end","totalRequests":0,"includedRequests":0,"analysisStartMillis":null,"analysisEndMillis":null,"msg":"Finished Phase 2a: Filtering requests"}
{"level":"info","time":"2025-04-17T14:09:54.862Z","function":"calculateFinalMetrics","event":"final_calc_start","msg":"Performing final calculations on analyzed data"}
{"level":"info","time":"2025-04-17T14:09:54.862Z","function":"calculateFinalMetrics","event":"final_calc_end","completed":0,"failed":0,"processing":0,"processed":0,"msg":"Finished final calculations."}
{"level":"info","time":"2025-04-17T14:09:54.862Z","msg":"Initial log analysis completed."}
{"level":"info","time":"2025-04-17T14:09:54.862Z","filePath":"/Users/sieunguyen/Desktop/sieu-works/confhub-2/all the sources of conhuf/SERVER-TS/src/conference/data/gemini_cache_map.json","function":"loadCacheNameMap","loadedCount":1,"msg":"Successfully loaded cache name entries from file"}
{"level":"info","time":"2025-04-17T14:10:11.354Z","filePath":"/Users/sieunguyen/Desktop/sieu-works/confhub-2/all the sources of conhuf/SERVER-TS/logs/app.log","function":"readAndGroupLogs","event":"read_group_start","msg":"Starting Phase 1: Reading and Grouping logs by requestId"}
{"level":"info","time":"2025-04-17T14:10:11.359Z","filePath":"/Users/sieunguyen/Desktop/sieu-works/confhub-2/all the sources of conhuf/SERVER-TS/logs/app.log","function":"readAndGroupLogs","event":"read_group_end","totalEntries":25,"parsedEntries":25,"requestIdsFound":0,"parseErrors":0,"msg":"Finished Phase 1"}
{"level":"info","time":"2025-04-17T14:10:11.359Z","function":"filterRequestsByTime","event":"filter_start","filterStartMillis":null,"filterEndMillis":null,"msg":"Starting Phase 2a: Filtering requests by time"}
{"level":"info","time":"2025-04-17T14:10:11.359Z","function":"filterRequestsByTime","event":"filter_end","totalRequests":0,"includedRequests":0,"analysisStartMillis":null,"analysisEndMillis":null,"msg":"Finished Phase 2a: Filtering requests"}
{"level":"info","time":"2025-04-17T14:10:11.359Z","function":"calculateFinalMetrics","event":"final_calc_start","msg":"Performing final calculations on analyzed data"}
{"level":"info","time":"2025-04-17T14:10:11.359Z","function":"calculateFinalMetrics","event":"final_calc_end","completed":0,"failed":0,"processing":0,"processed":0,"msg":"Finished final calculations."}
{"level":"info","time":"2025-04-17T14:10:11.363Z","filePath":"/Users/sieunguyen/Desktop/sieu-works/confhub-2/all the sources of conhuf/SERVER-TS/logs/app.log","function":"readAndGroupLogs","event":"read_group_start","msg":"Starting Phase 1: Reading and Grouping logs by requestId"}
